#
# There is insufficient memory for the Java Runtime Environment to continue.
# Native memory allocation (malloc) failed to allocate 1048576 bytes for AllocateHeap
# Possible reasons:
#   The system is out of physical RAM or swap space
#   The process is running with CompressedOops enabled, and the Java Heap may be blocking the growth of the native heap
# Possible solutions:
#   Reduce memory load on the system
#   Increase physical memory or swap space
#   Check if swap backing store is full
#   Decrease Java heap size (-Xmx/-Xms)
#   Decrease number of Java threads
#   Decrease Java thread stack sizes (-Xss)
#   Set larger code cache with -XX:ReservedCodeCacheSize=
#   JVM is running with Unscaled Compressed Oops mode in which the Java heap is
#     placed in the first 4GB address space. The Java Heap base address is the
#     maximum limit for the native heap growth. Please use -XX:HeapBaseMinAddress
#     to set the Java Heap base and to place the Java Heap above 4GB virtual address.
# This output file may be truncated or incomplete.
#
#  Out of Memory Error (allocation.cpp:44), pid=8440, tid=6788
#
# JRE version:  (21.0.2+13) (build )
# Java VM: Java HotSpot(TM) 64-Bit Server VM (21.0.2+13-LTS-58, mixed mode, sharing, tiered, compressed oops, compressed class ptrs, g1 gc, windows-amd64)
# No core dump will be written. Minidumps are not enabled by default on client versions of Windows
#

---------------  S U M M A R Y ------------

Command Line: -Ddebugger.agent.enable.coroutines=true -Dkotlinx.coroutines.debug.enable.creation.stack.trace=false -agentlib:jdwp=transport=dt_socket,server=n,suspend=y,address=127.0.0.1:50514 -javaagent:C:\Users\maxime.chazard\AppData\Local\JetBrains\IntelliJIdea2024.2\captureAgent\debugger-agent.jar -Dfile.encoding=UTF-8 -Duser.country=FR -Duser.language=fr -Duser.variant org.example.Main

Host: Intel(R) Core(TM) i5-10500 CPU @ 3.10GHz, 12 cores, 7G,  Windows 11 , 64 bit Build 22621 (10.0.22621.3958)
Time: Tue Aug 27 15:14:07 2024 Paris, Madrid (heure duild 22621 (10.0.22621.3958) elapsed time: 0.010595 seconds (0d 0h 0m 0s)

---------------  T H R E A D  ---------------

Current thread (0x000001c3b7e99670):  JavaThread "Unknown thread" [_thread_in_vm, id=6788, stack(0x0000009d2dd00000,0x0000009d2de00000) (1024K)]

Stack: [0x0000009d2dd00000,0x0000009d2de00000]
Native frames: (J=compiled Java code, j=interpreted, Vv=VM code, C=native code)
V  [jvm.dll+0x6cade9]
V  [jvm.dll+0x8569c1]
V  [jvm.dll+0x858d2e]
V  [jvm.dll+0x859413]
V  [jvm.dll+0x280e56]
V  [jvm.dll+0xbeb17]
V  [jvm.dll+0x3273b5]
V  [jvm.dll+0x81ef6d]
V  [jvm.dll+0x3bba01]
V  [jvm.dll+0x807928]
V  [jvm.dll+0x44f50e]
V  [jvm.dll+0x450e11]
C  [jli.dll+0x52a3]
C  [ucrtbase.dll+0x29333]
C  [KERNEL32.DLL+0x1257d]
C  [ntdll.dll+0x5af28]


---------------  P R O C E S S  ---------------

Threads class SMR info:
_java_thread_list=0x00007ffc0f56bb88, length=0, elements={
}

Java Threads: ( => current thread )
Total: 0

Other Threads:

=>0x000001c3b7e99670 (exited) JavaThread "Unknown thread"    [_thread_in_vm, id=6788, stack(0x0000009d2dd00000,0x0000009d2de00000) (1024K)]
Total: 1

Threads with active compile tasks:
Total: 0

VM state: not at safepoint (not fully initialized)

VM Mutex/Monitor currently owned by a thread: None

Heap address: 0x0000000000000000, size: 0 MB, Compressed Oops mode: 32-bit

CDS archive(s) mapped at: [0x0000000000000000-0x0000000000000000-0x0000000000000000), size 0, SharedBaseAddress: 0x0000000800000000, ArchiveRelocationMode: 1.
Narrow klass base: 0x0000000000000000, Narrow klass shift: 0, Narrow klass range: 0x0

GC Precious Log:
 CardTable entry size: 512
 Card Set container configuration: InlinePtr #cards 5 size 8 Array Of Cards #cards 12 size 40 Howl #buckets 4 coarsen threshold 1843 Howl Bitmap #cards 512 size 80 coarsen threshold 460 Card regions per heap region 1 cards per card region 2048

GC Heap History (0 events):
No events

Dll operation events (2 events):
Event: 0.007 Loaded shared library C:\Program Files\Java\jdk-21\bin\java.dll
Event: 0.008 Loaded shared library C:\Program Files\Java\jdk-21\bin\zip.dll

Deoptimization events (0 events):
No events

Classes loaded (0 events):
No events

Classes unloaded (0 events):
No events

Classes redefined (0 events):
No events

Internal exceptions (0 events):
No events

ZGC Phase Switch (0 events):
No events

VM Operations (0 events):
No events

Events (0 events):
No events


Dynamic libraries:
0x00007ff7ca9f0000 - 0x00007ff7caa00000 	C:\Program Files\Java\jdk-21\bin\java.exe
0x00007ffc89bf0000 - 0x00007ffc89e07000 	C:\WINDOWS\SYSTEM32\ntdll.dll
0x00007ffc88fd0000 - 0x00007ffc89094000 	C:\WINDOWS\System32\KERNEL32.DLL
0x00007ffc871a0000 - 0x00007ffc8754d000 	C:\WINDOWS\System32\KERNELBASE.dll
0x00007ffc876c0000 - 0x00007ffc877d1000 	C:\WINDOWS\System32\ucrtbase.dll
0x00007ffc71a80000 - 0x00007ffc71a9b000 	C:\Program Files\Java\jdk-21\bin\VCRUNTIME140.dll
0x00007ffc72530000 - 0x00007ffc72549000 	C:\Program Files\Java\jdk-21\bin\jli.dll
0x00007ffc87b40000 - 0x00007ffc87bf2000 	C:\WINDOWS\System32\ADVAPI32.dll
0x00007ffc87a90000 - 0x00007ffc87b37000 	C:\WINDOWS\System32\msvcrt.dll
0x00007ffc87920000 - 0x00007ffc879c9000 	C:\WINDOWS\System32\sechost.dll
0x00007ffc86f10000 - 0x00007ffc86f38000 	C:\WINDOWS\System32\bcrypt.dll
0x00007ffc87c00000 - 0x00007ffc87d14000 	C:\WINDOWS\System32\RPCRT4.dll
0x00007ffc88bc0000 - 0x00007ffc88d6e000 	C:\WINDOWS\System32\USER32.dll
0x00007ffc870d0000 - 0x00007ffc870f6000 	C:\WINDOWS\System32\win32u.dll
0x00007ffc60b40000 - 0x00007ffc60dd3000 	C:\WINDOWS\WinSxS\amd64_microsoft.windows.common-controls_6595b64144ccf1df_6.0.22621.3672_none_2713b9d173822955\COMCTL32.dll
0x00007ffc895e0000 - 0x00007ffc89609000 	C:\WINDOWS\System32\GDI32.dll
0x00007ffc86f40000 - 0x00007ffc87059000 	C:\WINDOWS\System32\gdi32full.dll
0x00007ffc87100000 - 0x00007ffc8719a000 	C:\WINDOWS\System32\msvcp_win.dll
0x00007ffc7fbb0000 - 0x00007ffc7fbba000 	C:\WINDOWS\SYSTEM32\VERSION.dll
0x00007ffc89800000 - 0x00007ffc89831000 	C:\WINDOWS\System32\IMM32.DLL
0x00007ffc72bc0000 - 0x00007ffc72bcc000 	C:\Program Files\Java\jdk-21\bin\vcruntime140_1.dll
0x00007ffc5d560000 - 0x00007ffc5d5ee000 	C:\Program Files\Java\jdk-21\bin\msvcp140.dll
0x00007ffc0e9a0000 - 0x00007ffc0f6b7000 	C:\Program Files\Java\jdk-21\bin\server\jvm.dll
0x00007ffc89610000 - 0x00007ffc89681000 	C:\WINDOWS\System32\WS2_32.dll
0x00007ffc86680000 - 0x00007ffc866cd000 	C:\WINDOWS\SYSTEM32\POWRPROF.dll
0x00007ffc743b0000 - 0x00007ffc743e4000 	C:\WINDOWS\SYSTEM32\WINMM.dll
0x00007ffc86660000 - 0x00007ffc86673000 	C:\WINDOWS\SYSTEM32\UMPDC.dll
0x00007ffc85f00000 - 0x00007ffc85f18000 	C:\WINDOWS\SYSTEM32\kernel.appcore.dll
0x00007ffc72950000 - 0x00007ffc7295a000 	C:\Program Files\Java\jdk-21\bin\jimage.dll
0x00007ffc6e9f0000 - 0x00007ffc6ec22000 	C:\WINDOWS\SYSTEM32\DBGHELP.DLL
0x00007ffc89130000 - 0x00007ffc894bd000 	C:\WINDOWS\System32\combase.dll
0x00007ffc89720000 - 0x00007ffc897f7000 	C:\WINDOWS\System32\OLEAUT32.dll
0x00007ffc7c290000 - 0x00007ffc7c2c2000 	C:\WINDOWS\SYSTEM32\dbgcore.DLL
0x00007ffc877e0000 - 0x00007ffc8785b000 	C:\WINDOWS\System32\bcryptPrimitives.dll
0x00007ffc733c0000 - 0x00007ffc733fc000 	C:\Program Files\Java\jdk-21\bin\jdwp.dll
0x00007ffc72880000 - 0x00007ffc7288f000 	C:\Program Files\Java\jdk-21\bin\instrument.dll
0x00007ffc717e0000 - 0x00007ffc717ff000 	C:\Program Files\Java\jdk-21\bin\java.dll
0x00007ffc717c0000 - 0x00007ffc717d8000 	C:\Program Files\Java\jdk-21\bin\zip.dll

dbghelp: loaded successfully - version: 4.0.5 - missing functions: none
symbol engine: initialized successfully - sym options: 0x614 - pdb path: .;C:\Program Files\Java\jdk-21\bin;C:\WINDOWS\SYSTEM32;C:\WINDOWS\WinSxS\amd64_microsoft.windows.common-controls_6595b64144ccf1df_6.0.22621.3672_none_2713b9d173822955;C:\Program Files\Java\jdk-21\bin\server

VM Arguments:
jvm_args: -Ddebugger.agent.enable.coroutines=true -Dkotlinx.coroutines.debug.enable.creation.stack.trace=false -agentlib:jdwp=transport=dt_socket,server=n,suspend=y,address=127.0.0.1:50514 -javaagent:C:\Users\maxime.chazard\AppData\Local\JetBrains\IntelliJIdea2024.2\captureAgent\debugger-agent.jar -Dfile.encoding=UTF-8 -Duser.country=FR -Duser.language=fr -Duser.variant 
java_command: org.example.Main
java_class_path (initial): C:\Users\maxime.chazard\IdeaProjects\textual-chat-client\build\classes\java\main;C:\Users\maxime.chazard\IdeaProjects\textual-chat-client\build\resources\main
Launcher Type: SUN_STANDARD

[Global flags]
     intx CICompilerCount                          = 4                                         {product} {ergonomic}
     uint ConcGCThreads                            = 3                                         {product} {ergonomic}
     uint G1ConcRefinementThreads                  = 10                                        {product} {ergonomic}
   size_t G1HeapRegionSize                         = 1048576                                   {product} {ergonomic}
    uintx GCDrainStackTargetSize                   = 64                                        {product} {ergonomic}
   size_t InitialHeapSize                          = 132120576                                 {product} {ergonomic}
   size_t MarkStackSize                            = 4194304                                   {product} {ergonomic}
   size_t MaxHeapSize                              = 2088763392                                {product} {ergonomic}
   size_t MinHeapDeltaBytes                        = 1048576                                   {product} {ergonomic}
   size_t MinHeapSize                              = 8388608                                   {product} {ergonomic}
    uintx NonNMethodCodeHeapSize                   = 5839372                                {pd product} {ergonomic}
    uintx NonProfiledCodeHeapSize                  = 122909434                              {pd product} {ergonomic}
    uintx ProfiledCodeHeapSize                     = 122909434                              {pd product} {ergonomic}
    uintx ReservedCodeCacheSize                    = 251658240                              {pd product} {ergonomic}
     bool SegmentedCodeCache                       = true                                      {product} {ergonomic}
   size_t SoftMaxHeapSize                          = 2088763392                             {manageable} {ergonomic}
     bool UseCompressedOops                        = true                           {product lp64_product} {ergonomic}
     bool UseG1GC                                  = true                                      {product} {ergonomic}
     bool UseLargePagesIndividualAllocation        = false                                  {pd product} {ergonomic}

Logging:
Log output configuration:
 #0: stdout all=warning uptime,level,tags foldmultilines=false
 #1: stderr all=off uptime,level,tags foldmultilines=false

Environment Variables:
PATH=C:\Program Files\Common Files\Oracle\Java\javapath;C:\WINDOWS\system32;C:\WINDOWS;C:\WINDOWS\System32\Wbem;C:\WINDOWS\System32\WindowsPowerShell\v1.0\;C:\WINDOWS\System32\OpenSSH\;C:\Program Files\nodejs\;C:\ProgramData\ComposerSetup\bin;C:\Program Files\Git\cmd;C:\Program Files\dotnet\;C:\Users\maxime.chazard\AppData\Local\Microsoft\WindowsApps;C:\Users\maxime.chazard\php-8.2.20-nts-Win32-vs16-x64;C:\Users\maxime.chazard\AppData\Roaming\Composer\vendor\bin;C:\Program Files\JetBrains\IntelliJ IDEA 2024.2.0.2\bin;
USERNAME=maxime.chazard
OS=Windows_NT
PROCESSOR_IDENTIFIER=Intel64 Family 6 Model 165 Stepping 3, GenuineIntel
TMP=C:\Users\MAXIME~1.CHA\AppData\Local\Temp
TEMP=C:\Users\MAXIME~1.CHA\AppData\Local\Temp




Periodic native trim disabled

---------------  S Y S T E M  ---------------

OS:
 Windows 11 , 64 bit Build 22621 (10.0.22621.3958)
OS uptime: 0 days 6:12 hours
Hyper-V role detected

CPU: total 12 (initial active 12) (6 cores per cpu, 2 threads per core) family 6 model 165 stepping 3 microcode 0xf8, cx8, cmov, fxsr, ht, mmx, 3dnowpref, sse, sse2, sse3, ssse3, sse4.1, sse4.2, popcnt, lzcnt, tsc, tscinvbit, avx, avx2, aes, erms, clmul, bmi1, bmi2, adx, fma, vzeroupper, clflush, clflushopt, hv, rdtscp, f16c
Processor Information for all 12 processors :
  Max Mhz: 3096, Current Mhz: 3096, Mhz Limit: 3096

Memory: 4k page, system-wide physical 7967M (498M free)
TotalPageFile size 12388M (AvailPageFile size 4M)
current process WorkingSet (physical memory assigned to process): 10M, peak: 10M
current process commit charge ("private bytes"): 12M, peak: 13M

vm_info: Java HotSpot(TM) 64-Bit Server VM (21.0.2+13-LTS-58) for windows-amd64 JRE (21.0.2+13-LTS-58), built on 2024-01-05T18:32:24Z by "mach5one" with MS VC++ 17.1 (VS2022)

END.
